<?xml version="1.0" encoding="UTF-8"?>
<!-- Generated by org.testng.reporters.JUnitReportReporter -->
<testsuite skipped="0" hostname="DESKTOP-3U003I0" name="cucumberOptions.TestRunner" tests="1" failures="0" timestamp="2020-02-03T19:18:54 GMT" time="63.974" errors="0">
  <testcase name="feature" time="63.974" classname="cucumberOptions.TestRunner"/>
</testsuite> <!-- cucumberOptions.TestRunner -->
