<?xml version="1.0" encoding="UTF-8"?>
<!-- Generated by org.testng.reporters.JUnitReportReporter -->
<testsuite hostname="DESKTOP-3U003I0" name="Academy.HomePage" tests="2" failures="0" timestamp="4 Feb 2020 16:27:17 GMT" time="36.031" errors="0">
  <testcase name="basePageNavigation" time="18.177" classname="Academy.HomePage"/>
  <testcase name="basePageNavigation" time="17.854" classname="Academy.HomePage"/>
</testsuite> <!-- Academy.HomePage -->
