<?xml version="1.0" encoding="UTF-8"?>
<!-- Generated by org.testng.reporters.JUnitReportReporter -->
<testsuite hostname="DESKTOP-3U003I0" name="cucumberOptions.TestRunner" tests="1" failures="0" timestamp="4 Feb 2020 16:21:34 GMT" time="51.898" errors="0">
  <testcase name="feature" time="51.898" classname="cucumberOptions.TestRunner"/>
</testsuite> <!-- cucumberOptions.TestRunner -->
