<?xml version="1.0" encoding="UTF-8"?>
<!-- Generated by org.testng.reporters.JUnitReportReporter -->
<testsuite hostname="DESKTOP-3U003I0" name="Academy.validateNavigationBar" tests="1" failures="0" timestamp="4 Feb 2020 16:27:17 GMT" time="12.893" errors="0">
  <testcase name="validateNavBar" time="12.893" classname="Academy.validateNavigationBar"/>
</testsuite> <!-- Academy.validateNavigationBar -->
